<?xml version="1.0" encoding="UTF-8"?>
<testng-results ignored="0" total="1" passed="1" failed="0" skipped="0">
  <reporter-output>
  </reporter-output>
  <suite started-at="2019-11-02T00:09:08 IST" name="Default suite" finished-at="2019-11-02T00:09:31 IST" duration-ms="22695">
    <groups>
    </groups>
    <test started-at="2019-11-02T00:09:08 IST" name="Default test" finished-at="2019-11-02T00:09:31 IST" duration-ms="22695">
      <class name="com.training.sanity.tests.UniformCreateCategoryAndProductUNF_48">
        <test-method is-config="true" signature="setUpBeforeClass()[pri:0, instance:com.training.sanity.tests.UniformCreateCategoryAndProductUNF_48@3b07a0d6]" started-at="2019-11-02T00:09:08 IST" name="setUpBeforeClass" finished-at="2019-11-02T00:09:08 IST" duration-ms="18" status="PASS">
          <reporter-output>
          </reporter-output>
        </test-method> <!-- setUpBeforeClass -->
        <test-method is-config="true" signature="setUp()[pri:0, instance:com.training.sanity.tests.UniformCreateCategoryAndProductUNF_48@3b07a0d6]" started-at="2019-11-02T00:09:08 IST" name="setUp" finished-at="2019-11-02T00:09:23 IST" duration-ms="15136" status="PASS">
          <reporter-output>
          </reporter-output>
        </test-method> <!-- setUp -->
        <test-method signature="createCategoryAndProduct()[pri:0, instance:com.training.sanity.tests.UniformCreateCategoryAndProductUNF_48@3b07a0d6]" started-at="2019-11-02T00:09:23 IST" name="createCategoryAndProduct" finished-at="2019-11-02T00:09:31 IST" duration-ms="7491" status="PASS">
          <reporter-output>
          </reporter-output>
        </test-method> <!-- createCategoryAndProduct -->
        <test-method is-config="true" signature="afterMethod()[pri:0, instance:com.training.sanity.tests.UniformCreateCategoryAndProductUNF_48@3b07a0d6]" started-at="2019-11-02T00:09:31 IST" name="afterMethod" finished-at="2019-11-02T00:09:31 IST" duration-ms="0" status="PASS">
          <reporter-output>
          </reporter-output>
        </test-method> <!-- afterMethod -->
        <test-method is-config="true" signature="afterClass()[pri:0, instance:com.training.sanity.tests.UniformCreateCategoryAndProductUNF_48@3b07a0d6]" started-at="2019-11-02T00:09:31 IST" name="afterClass" finished-at="2019-11-02T00:09:31 IST" duration-ms="0" status="PASS">
          <reporter-output>
          </reporter-output>
        </test-method> <!-- afterClass -->
      </class> <!-- com.training.sanity.tests.UniformCreateCategoryAndProductUNF_48 -->
    </test> <!-- Default test -->
  </suite> <!-- Default suite -->
</testng-results>
