<?xml version="1.0" encoding="UTF-8"?>
<testng-results ignored="0" total="1" passed="1" failed="0" skipped="0">
  <reporter-output>
  </reporter-output>
  <suite started-at="2019-10-24T12:34:07 IST" name="Default suite" finished-at="2019-10-24T12:34:26 IST" duration-ms="18892">
    <groups>
    </groups>
    <test started-at="2019-10-24T12:34:07 IST" name="Default test" finished-at="2019-10-24T12:34:26 IST" duration-ms="18892">
      <class name="com.training.sanity.tests.UniformCustomerListUNF_017">
        <test-method is-config="true" signature="setUpBeforeClass()[pri:0, instance:com.training.sanity.tests.UniformCustomerListUNF_017@12d4bf7e]" started-at="2019-10-24T12:34:07 IST" name="setUpBeforeClass" finished-at="2019-10-24T12:34:07 IST" duration-ms="13" status="PASS">
          <reporter-output>
          </reporter-output>
        </test-method> <!-- setUpBeforeClass -->
        <test-method is-config="true" signature="setUp()[pri:0, instance:com.training.sanity.tests.UniformCustomerListUNF_017@12d4bf7e]" started-at="2019-10-24T12:34:08 IST" name="setUp" finished-at="2019-10-24T12:34:22 IST" duration-ms="14958" status="PASS">
          <reporter-output>
          </reporter-output>
        </test-method> <!-- setUp -->
        <test-method signature="filterCustomer()[pri:0, instance:com.training.sanity.tests.UniformCustomerListUNF_017@12d4bf7e]" started-at="2019-10-24T12:34:22 IST" name="filterCustomer" finished-at="2019-10-24T12:34:26 IST" duration-ms="3882" status="PASS">
          <reporter-output>
          </reporter-output>
        </test-method> <!-- filterCustomer -->
        <test-method is-config="true" signature="afterMethod()[pri:0, instance:com.training.sanity.tests.UniformCustomerListUNF_017@12d4bf7e]" started-at="2019-10-24T12:34:26 IST" name="afterMethod" finished-at="2019-10-24T12:34:26 IST" duration-ms="0" status="PASS">
          <reporter-output>
          </reporter-output>
        </test-method> <!-- afterMethod -->
        <test-method is-config="true" signature="afterClass()[pri:0, instance:com.training.sanity.tests.UniformCustomerListUNF_017@12d4bf7e]" started-at="2019-10-24T12:34:26 IST" name="afterClass" finished-at="2019-10-24T12:34:26 IST" duration-ms="0" status="PASS">
          <reporter-output>
          </reporter-output>
        </test-method> <!-- afterClass -->
      </class> <!-- com.training.sanity.tests.UniformCustomerListUNF_017 -->
    </test> <!-- Default test -->
  </suite> <!-- Default suite -->
</testng-results>
